TN:
SF:src\repository.js
FN:7,(anonymous_0)
FN:12,(anonymous_1)
FN:24,(anonymous_2)
FN:31,(anonymous_3)
FN:35,(anonymous_4)
FN:39,(anonymous_5)
FN:48,(anonymous_6)
FN:52,(anonymous_7)
FN:53,(anonymous_8)
FNF:9
FNH:4
FNDA:6,(anonymous_0)
FNDA:6,(anonymous_1)
FNDA:3,(anonymous_2)
FNDA:4,(anonymous_3)
FNDA:0,(anonymous_4)
FNDA:0,(anonymous_5)
FNDA:0,(anonymous_6)
FNDA:0,(anonymous_7)
FNDA:0,(anonymous_8)
DA:1,1
DA:8,6
DA:9,6
DA:13,6
DA:21,6
DA:25,3
DA:26,3
DA:27,3
DA:28,3
DA:32,4
DA:36,0
DA:40,0
DA:41,0
DA:43,0
DA:44,0
DA:45,0
DA:49,0
DA:53,0
DA:57,1
LF:19
LH:11
BRDA:32,0,0,4
BRDA:32,0,1,2
BRDA:41,1,0,0
BRDA:41,1,1,0
BRF:4
BRH:2
end_of_record
TN:
SF:src\service.js
FN:7,(anonymous_0)
FN:19,(anonymous_1)
FN:33,(anonymous_2)
FN:45,(anonymous_3)
FN:53,(anonymous_4)
FN:66,(anonymous_5)
FN:79,(anonymous_6)
FN:93,(anonymous_7)
FN:95,(anonymous_8)
FNF:9
FNH:4
FNDA:6,(anonymous_0)
FNDA:4,(anonymous_1)
FNDA:2,(anonymous_2)
FNDA:0,(anonymous_3)
FNDA:0,(anonymous_4)
FNDA:0,(anonymous_5)
FNDA:2,(anonymous_6)
FNDA:0,(anonymous_7)
FNDA:0,(anonymous_8)
DA:1,1
DA:8,6
DA:11,6
DA:20,4
DA:21,4
DA:22,1
DA:25,3
DA:26,3
DA:34,2
DA:35,2
DA:36,1
DA:39,1
DA:46,0
DA:47,0
DA:54,0
DA:55,0
DA:56,0
DA:59,0
DA:67,0
DA:68,0
DA:69,0
DA:72,0
DA:80,2
DA:81,2
DA:82,1
DA:85,1
DA:94,0
DA:95,0
DA:104,1
LF:29
LH:17
BRDA:21,0,0,1
BRDA:21,0,1,3
BRDA:35,1,0,1
BRDA:35,1,1,1
BRDA:55,2,0,0
BRDA:55,2,1,0
BRDA:68,3,0,0
BRDA:68,3,1,0
BRDA:81,4,0,1
BRDA:81,4,1,1
BRF:10
BRH:6
end_of_record
