TN:
SF:src\repository.js
FN:4,(anonymous_0)
FN:9,(anonymous_1)
FN:21,(anonymous_2)
FN:28,(anonymous_3)
FN:32,(anonymous_4)
FN:36,(anonymous_5)
FN:45,(anonymous_6)
FN:49,(anonymous_7)
FN:50,(anonymous_8)
FNF:9
FNH:4
FNDA:6,(anonymous_0)
FNDA:6,(anonymous_1)
FNDA:3,(anonymous_2)
FNDA:4,(anonymous_3)
FNDA:0,(anonymous_4)
FNDA:0,(anonymous_5)
FNDA:0,(anonymous_6)
FNDA:0,(anonymous_7)
FNDA:0,(anonymous_8)
DA:1,1
DA:5,6
DA:6,6
DA:10,6
DA:18,6
DA:22,3
DA:23,3
DA:24,3
DA:25,3
DA:29,4
DA:33,0
DA:37,0
DA:38,0
DA:40,0
DA:41,0
DA:42,0
DA:46,0
DA:50,0
DA:54,1
LF:19
LH:11
BRDA:29,0,0,4
BRDA:29,0,1,2
BRDA:38,1,0,0
BRDA:38,1,1,0
BRF:4
BRH:2
end_of_record
TN:
SF:src\service.js
FN:4,(anonymous_0)
FN:16,(anonymous_1)
FN:30,(anonymous_2)
FN:42,(anonymous_3)
FN:50,(anonymous_4)
FN:95,(anonymous_5)
FN:130,(anonymous_6)
FN:144,(anonymous_7)
FN:146,(anonymous_8)
FN:154,(anonymous_9)
FNF:10
FNH:4
FNDA:6,(anonymous_0)
FNDA:4,(anonymous_1)
FNDA:2,(anonymous_2)
FNDA:0,(anonymous_3)
FNDA:0,(anonymous_4)
FNDA:0,(anonymous_5)
FNDA:2,(anonymous_6)
FNDA:0,(anonymous_7)
FNDA:0,(anonymous_8)
FNDA:0,(anonymous_9)
DA:1,1
DA:5,6
DA:6,6
DA:8,6
DA:17,4
DA:18,4
DA:19,1
DA:22,3
DA:23,3
DA:31,2
DA:32,2
DA:33,1
DA:36,1
DA:43,0
DA:44,0
DA:51,0
DA:52,0
DA:53,0
DA:56,0
DA:59,0
DA:60,0
DA:61,0
DA:82,0
DA:85,0
DA:88,0
DA:96,0
DA:97,0
DA:98,0
DA:101,0
DA:102,0
DA:103,0
DA:107,0
DA:108,0
DA:109,0
DA:118,0
DA:121,0
DA:124,0
DA:131,2
DA:132,2
DA:133,1
DA:136,1
DA:145,0
DA:146,0
DA:155,0
DA:159,1
LF:45
LH:18
BRDA:4,0,0,6
BRDA:18,1,0,1
BRDA:18,1,1,3
BRDA:32,2,0,1
BRDA:32,2,1,1
BRDA:52,3,0,0
BRDA:52,3,1,0
BRDA:60,4,0,0
BRDA:60,4,1,0
BRDA:97,5,0,0
BRDA:97,5,1,0
BRDA:102,6,0,0
BRDA:102,6,1,0
BRDA:108,7,0,0
BRDA:108,7,1,0
BRDA:132,8,0,1
BRDA:132,8,1,1
BRF:17
BRH:7
end_of_record
