TN:
SF:src\repository.js
FN:7,(anonymous_0)
FN:11,(anonymous_1)
FN:25,(anonymous_2)
FN:29,(anonymous_3)
FN:33,(anonymous_4)
FN:34,(anonymous_5)
FN:37,(anonymous_6)
FN:46,(anonymous_7)
FN:56,(anonymous_8)
FNF:9
FNH:4
FNDA:9,(anonymous_0)
FNDA:4,(anonymous_1)
FNDA:2,(anonymous_2)
FNDA:0,(anonymous_3)
FNDA:0,(anonymous_4)
FNDA:0,(anonymous_5)
FNDA:0,(anonymous_6)
FNDA:1,(anonymous_7)
FNDA:0,(anonymous_8)
DA:1,1
DA:8,9
DA:12,4
DA:13,4
DA:21,4
DA:22,4
DA:26,2
DA:30,0
DA:34,0
DA:38,0
DA:39,0
DA:41,0
DA:42,0
DA:43,0
DA:47,1
DA:48,1
DA:50,1
DA:51,1
DA:52,1
DA:53,1
DA:57,0
DA:61,1
LF:22
LH:14
BRDA:26,0,0,2
BRDA:26,0,1,1
BRDA:39,1,0,0
BRDA:39,1,1,0
BRDA:48,2,0,0
BRDA:48,2,1,1
BRF:6
BRH:3
end_of_record
TN:
SF:src\service.js
FN:7,(anonymous_0)
FN:32,(anonymous_1)
FN:47,(anonymous_2)
FN:67,(anonymous_3)
FN:79,(anonymous_4)
FN:87,(anonymous_5)
FN:101,(anonymous_6)
FN:119,(anonymous_7)
FN:131,(anonymous_8)
FNF:9
FNH:6
FNDA:9,(anonymous_0)
FNDA:6,(anonymous_1)
FNDA:4,(anonymous_2)
FNDA:2,(anonymous_3)
FNDA:0,(anonymous_4)
FNDA:0,(anonymous_5)
FNDA:2,(anonymous_6)
FNDA:0,(anonymous_7)
FNDA:2,(anonymous_8)
DA:1,1
DA:8,9
DA:9,9
DA:12,9
DA:34,6
DA:35,6
DA:36,1
DA:40,5
DA:42,5
DA:43,1
DA:47,4
DA:48,4
DA:52,4
DA:58,4
DA:60,4
DA:68,2
DA:69,2
DA:70,1
DA:73,1
DA:80,0
DA:81,0
DA:89,0
DA:90,0
DA:91,0
DA:94,0
DA:95,0
DA:102,2
DA:103,2
DA:104,1
DA:107,1
DA:108,1
DA:109,0
DA:112,1
DA:120,0
DA:121,0
DA:122,0
DA:125,0
DA:132,2
DA:133,2
DA:146,1
LF:40
LH:28
BRDA:35,0,0,1
BRDA:35,0,1,5
BRDA:42,1,0,1
BRDA:42,1,1,4
BRDA:69,2,0,1
BRDA:69,2,1,1
BRDA:90,3,0,0
BRDA:90,3,1,0
BRDA:103,4,0,1
BRDA:103,4,1,1
BRDA:108,5,0,0
BRDA:108,5,1,1
BRDA:121,6,0,0
BRDA:121,6,1,0
BRDA:137,7,0,1
BRDA:137,7,1,1
BRF:16
BRH:11
end_of_record
TN:
SF:src\user-client.js
FN:7,(anonymous_0)
FN:12,(anonymous_1)
FN:33,(anonymous_2)
FNF:3
FNH:3
FNDA:6,(anonymous_0)
FNDA:3,(anonymous_1)
FNDA:3,(anonymous_2)
DA:1,2
DA:8,6
DA:9,6
DA:13,3
DA:14,3
DA:18,1
DA:19,1
DA:22,0
DA:24,2
DA:25,1
DA:29,1
DA:34,3
DA:35,3
DA:38,1
DA:40,2
DA:45,2
LF:16
LH:15
BRDA:7,0,0,0
BRDA:18,1,0,1
BRDA:18,1,1,0
BRDA:24,2,0,1
BRDA:24,2,1,1
BRF:5
BRH:3
end_of_record
