TN:
SF:src\repository.js
FN:4,(anonymous_0)
FN:8,(anonymous_1)
FN:22,(anonymous_2)
FN:26,(anonymous_3)
FN:30,(anonymous_4)
FN:31,(anonymous_5)
FN:34,(anonymous_6)
FN:43,(anonymous_7)
FN:53,(anonymous_8)
FNF:9
FNH:4
FNDA:9,(anonymous_0)
FNDA:4,(anonymous_1)
FNDA:2,(anonymous_2)
FNDA:0,(anonymous_3)
FNDA:0,(anonymous_4)
FNDA:0,(anonymous_5)
FNDA:0,(anonymous_6)
FNDA:1,(anonymous_7)
FNDA:0,(anonymous_8)
DA:1,1
DA:5,9
DA:9,4
DA:10,4
DA:18,4
DA:19,4
DA:23,2
DA:27,0
DA:31,0
DA:35,0
DA:36,0
DA:38,0
DA:39,0
DA:40,0
DA:44,1
DA:45,1
DA:47,1
DA:48,1
DA:49,1
DA:50,1
DA:54,0
DA:58,1
LF:22
LH:14
BRDA:23,0,0,2
BRDA:23,0,1,1
BRDA:36,1,0,0
BRDA:36,1,1,0
BRDA:45,2,0,0
BRDA:45,2,1,1
BRF:6
BRH:3
end_of_record
TN:
SF:src\service.js
FN:4,(anonymous_0)
FN:28,(anonymous_1)
FN:41,(anonymous_2)
FN:60,(anonymous_3)
FN:72,(anonymous_4)
FN:80,(anonymous_5)
FN:93,(anonymous_6)
FN:111,(anonymous_7)
FN:123,(anonymous_8)
FNF:9
FNH:6
FNDA:9,(anonymous_0)
FNDA:6,(anonymous_1)
FNDA:4,(anonymous_2)
FNDA:2,(anonymous_3)
FNDA:0,(anonymous_4)
FNDA:0,(anonymous_5)
FNDA:2,(anonymous_6)
FNDA:0,(anonymous_7)
FNDA:2,(anonymous_8)
DA:1,1
DA:5,9
DA:6,9
DA:8,9
DA:30,6
DA:31,6
DA:32,1
DA:35,5
DA:37,5
DA:38,1
DA:41,4
DA:42,4
DA:45,4
DA:51,4
DA:53,4
DA:61,2
DA:62,2
DA:63,1
DA:66,1
DA:73,0
DA:74,0
DA:81,0
DA:82,0
DA:83,0
DA:86,0
DA:87,0
DA:94,2
DA:95,2
DA:96,1
DA:99,1
DA:100,1
DA:101,0
DA:104,1
DA:112,0
DA:113,0
DA:114,0
DA:117,0
DA:124,2
DA:125,2
DA:138,1
LF:40
LH:28
BRDA:31,0,0,1
BRDA:31,0,1,5
BRDA:37,1,0,1
BRDA:37,1,1,4
BRDA:62,2,0,1
BRDA:62,2,1,1
BRDA:82,3,0,0
BRDA:82,3,1,0
BRDA:95,4,0,1
BRDA:95,4,1,1
BRDA:100,5,0,0
BRDA:100,5,1,1
BRDA:113,6,0,0
BRDA:113,6,1,0
BRDA:129,7,0,1
BRDA:129,7,1,1
BRF:16
BRH:11
end_of_record
TN:
SF:src\user-client.js
FN:4,(anonymous_0)
FN:9,(anonymous_1)
FN:29,(anonymous_2)
FNF:3
FNH:3
FNDA:6,(anonymous_0)
FNDA:3,(anonymous_1)
FNDA:3,(anonymous_2)
DA:1,2
DA:5,6
DA:6,6
DA:10,3
DA:11,3
DA:15,1
DA:16,1
DA:19,0
DA:21,2
DA:22,1
DA:25,1
DA:30,3
DA:31,3
DA:34,1
DA:36,2
DA:41,2
LF:16
LH:15
BRDA:4,0,0,0
BRDA:15,1,0,1
BRDA:15,1,1,0
BRDA:21,2,0,1
BRDA:21,2,1,1
BRF:5
BRH:3
end_of_record
